빌드 시작: 2016-07-31 오후 8:40:29
     1>2 노드의 "C:\Users\CAUCSE\Documents\Visual Studio 2013\Projects\ets2_auto_driving\ets2_auto_driving\ets2_auto_driving.vcxproj" 프로젝트(Build 대상)입니다.
     1>AddCudaCompileDeps:
         C:\Program Files (x86)\Microsoft Visual Studio 12.0\VC\bin\x86_amd64\cl.exe /E /nologo /showIncludes /TP /D__CUDACC__ /D_MBCS /I"C:\Program Files\NVIDIA GPU Computing Toolkit\CUDA\v7.5\include" /IC:\opencv\build\include /I"C:\Program Files\NVIDIA GPU Computing Toolkit\CUDA\v7.5\include" /IC:\opencv\myBuild\include /I"C:\Program Files\NVIDIA GPU Computing Toolkit\CUDA\v7.5\include" /I"C:\Program Files\NVIDIA GPU Computing Toolkit\CUDA\v7.5\bin" /I"C:\Program Files\NVIDIA GPU Computing Toolkit\CUDA\v7.5\include" /I. /FIcuda_runtime.h /c "C:\Users\CAUCSE\Documents\Visual Studio 2013\Projects\ets2_auto_driving\ets2_auto_driving\main.cpp" 
       CudaBuild:
         Compiling CUDA source file main.cpp...
         cmd.exe /C "C:\Users\CAUCSE\AppData\Local\Temp\tmp53f62fe935df4f8c8de2d4630b7a3a90.cmd"
         "C:\Program Files\NVIDIA GPU Computing Toolkit\CUDA\v7.5\bin\nvcc.exe" -gencode=arch=compute_20,code=\"sm_20,compute_20\" --use-local-env --cl-version 2013 -ccbin "C:\Program Files (x86)\Microsoft Visual Studio 12.0\VC\bin\x86_amd64"  -I"C:\Program Files\NVIDIA GPU Computing Toolkit\CUDA\v7.5\include" -IC:\opencv\build\include -I"C:\Program Files\NVIDIA GPU Computing Toolkit\CUDA\v7.5\include" -IC:\opencv\myBuild\include -I"C:\Program Files\NVIDIA GPU Computing Toolkit\CUDA\v7.5\include" -I"C:\Program Files\NVIDIA GPU Computing Toolkit\CUDA\v7.5\include"  -G   --keep-dir x64\Debug -maxrregcount=0  --machine 64 --compile -cudart static  -g   -D_MBCS -Xcompiler "/EHsc /W3 /nologo /Od /Zi /RTC1 /MDd " -o x64\Debug\main.cpp.obj "C:\Users\CAUCSE\Documents\Visual Studio 2013\Projects\ets2_auto_driving\ets2_auto_driving\main.cpp"
         
         C:\Users\CAUCSE\Documents\Visual Studio 2013\Projects\ets2_auto_driving\ets2_auto_driving>"C:\Program Files\NVIDIA GPU Computing Toolkit\CUDA\v7.5\bin\nvcc.exe" -gencode=arch=compute_20,code=\"sm_20,compute_20\" --use-local-env --cl-version 2013 -ccbin "C:\Program Files (x86)\Microsoft Visual Studio 12.0\VC\bin\x86_amd64"  -I"C:\Program Files\NVIDIA GPU Computing Toolkit\CUDA\v7.5\include" -IC:\opencv\build\include -I"C:\Program Files\NVIDIA GPU Computing Toolkit\CUDA\v7.5\include" -IC:\opencv\myBuild\include -I"C:\Program Files\NVIDIA GPU Computing Toolkit\CUDA\v7.5\include" -I"C:\Program Files\NVIDIA GPU Computing Toolkit\CUDA\v7.5\include"  -G   --keep-dir x64\Debug -maxrregcount=0  --machine 64 --compile -cudart static  -g   -D_MBCS -Xcompiler "/EHsc /W3 /nologo /Od /Zi /RTC1 /MDd " -o x64\Debug\main.cpp.obj "C:\Users\CAUCSE\Documents\Visual Studio 2013\Projects\ets2_auto_driving\ets2_auto_driving\main.cpp" 
         main.cpp
     1>C:\opencv\build\include\opencv2/core/mat.hpp(1965): warning C4819: 현재 코드 페이지(949)에서 표시할 수 없는 문자가 파일에 들어 있습니다. 데이터가 손실되지 않게 하려면 해당 파일을 유니코드 형식으로 저장하십시오.
     1>C:\opencv\build\include\opencv2/core/persistence.hpp : warning C4819: 현재 코드 페이지(949)에서 표시할 수 없는 문자가 파일에 들어 있습니다. 데이터가 손실되지 않게 하려면 해당 파일을 유니코드 형식으로 저장하십시오.
     1>C:\opencv\build\include\opencv2/core/utility.hpp : warning C4819: 현재 코드 페이지(949)에서 표시할 수 없는 문자가 파일에 들어 있습니다. 데이터가 손실되지 않게 하려면 해당 파일을 유니코드 형식으로 저장하십시오.
     1>C:/Users/CAUCSE/Documents/Visual Studio 2013/Projects/ets2_auto_driving/ets2_auto_driving/main.cpp(57): warning C4244: '인수' : 'int'에서 'float'(으)로 변환하면서 데이터가 손실될 수 있습니다.
     1>C:/Users/CAUCSE/Documents/Visual Studio 2013/Projects/ets2_auto_driving/ets2_auto_driving/main.cpp(58): warning C4244: '인수' : 'int'에서 'float'(으)로 변환하면서 데이터가 손실될 수 있습니다.
     1>C:/Users/CAUCSE/Documents/Visual Studio 2013/Projects/ets2_auto_driving/ets2_auto_driving/main.cpp(59): warning C4244: '인수' : 'int'에서 'float'(으)로 변환하면서 데이터가 손실될 수 있습니다.
     1>C:/Users/CAUCSE/Documents/Visual Studio 2013/Projects/ets2_auto_driving/ets2_auto_driving/main.cpp(60): warning C4244: '인수' : 'int'에서 'float'(으)로 변환하면서 데이터가 손실될 수 있습니다.
     1>C:/Users/CAUCSE/Documents/Visual Studio 2013/Projects/ets2_auto_driving/ets2_auto_driving/main.cpp(64): warning C4244: '인수' : 'int'에서 'float'(으)로 변환하면서 데이터가 손실될 수 있습니다.
     1>C:/Users/CAUCSE/Documents/Visual Studio 2013/Projects/ets2_auto_driving/ets2_auto_driving/main.cpp(65): warning C4244: '인수' : 'int'에서 'float'(으)로 변환하면서 데이터가 손실될 수 있습니다.
     1>C:/Users/CAUCSE/Documents/Visual Studio 2013/Projects/ets2_auto_driving/ets2_auto_driving/main.cpp(66): warning C4244: '인수' : 'int'에서 'float'(으)로 변환하면서 데이터가 손실될 수 있습니다.
       Link:
         C:\Program Files (x86)\Microsoft Visual Studio 12.0\VC\bin\x86_amd64\link.exe /ERRORREPORT:PROMPT /OUT:"C:\Users\CAUCSE\Documents\Visual Studio 2013\Projects\ets2_auto_driving\x64\Debug\ets2_auto_driving.exe" /INCREMENTAL /NOLOGO /LIBPATH:"C:\Program Files\NVIDIA GPU Computing Toolkit\CUDA\v7.5\lib\x64" /LIBPATH:C:\opencv\myBuild\install\x64\vc12\lib opencv_calib3d310d.lib opencv_core310d.lib opencv_cudaarithm310d.lib opencv_cudabgsegm310d.lib opencv_cudacodec310d.lib opencv_cudafeatures2d310d.lib opencv_cudafilters310d.lib opencv_cudaimgproc310d.lib opencv_cudalegacy310d.lib opencv_cudaobjdetect310d.lib opencv_cudaoptflow310d.lib opencv_cudastereo310d.lib opencv_cudawarping310d.lib opencv_cudev310d.lib opencv_features2d310d.lib opencv_flann310d.lib opencv_highgui310d.lib opencv_imgcodecs310d.lib opencv_imgproc310d.lib opencv_ml310d.lib opencv_objdetect310d.lib opencv_photo310d.lib opencv_shape310d.lib opencv_stitching310d.lib opencv_superres310d.lib opencv_ts310d.lib opencv_video310d.lib opencv_videoio310d.lib opencv_videostab310d.lib cudart.lib kernel32.lib user32.lib gdi32.lib winspool.lib comdlg32.lib advapi32.lib shell32.lib ole32.lib oleaut32.lib uuid.lib odbc32.lib odbccp32.lib /MANIFEST /MANIFESTUAC:"level='asInvoker' uiAccess='false'" /manifest:embed /DEBUG /PDB:"C:\Users\CAUCSE\Documents\Visual Studio 2013\Projects\ets2_auto_driving\x64\Debug\ets2_auto_driving.pdb" /TLBID:1 /DYNAMICBASE /NXCOMPAT /IMPLIB:"C:\Users\CAUCSE\Documents\Visual Studio 2013\Projects\ets2_auto_driving\x64\Debug\ets2_auto_driving.lib" /MACHINE:X64 x64\Debug\main.cpp.obj
         x64\Debug\hwnd2mat.obj
         x64\Debug\IPM.obj
         x64\Debug\linefinder.obj
         ets2_auto_driving.vcxproj -> C:\Users\CAUCSE\Documents\Visual Studio 2013\Projects\ets2_auto_driving\x64\Debug\ets2_auto_driving.exe
     1>"C:\Users\CAUCSE\Documents\Visual Studio 2013\Projects\ets2_auto_driving\ets2_auto_driving\ets2_auto_driving.vcxproj" 프로젝트를 빌드했습니다(Build 대상).

빌드했습니다.

경과 시간: 00:00:04.35
