c:\users\brian\desktop\chosuntruck\ets2_auto_driving\x64\debug\vc120.pdb
c:\users\brian\desktop\chosuntruck\ets2_auto_driving\x64\debug\vc120.idb
c:\users\brian\desktop\chosuntruck\ets2_auto_driving\x64\debug\guassian_filter.nativecodeanalysis.xml
c:\users\brian\desktop\chosuntruck\ets2_auto_driving\x64\debug\hwnd2mat.nativecodeanalysis.xml
c:\users\brian\desktop\chosuntruck\ets2_auto_driving\x64\debug\ipm.nativecodeanalysis.xml
c:\users\brian\desktop\chosuntruck\ets2_auto_driving\x64\debug\linefinder.nativecodeanalysis.xml
c:\users\brian\desktop\chosuntruck\ets2_auto_driving\x64\debug\linefinder.obj
c:\users\brian\desktop\chosuntruck\ets2_auto_driving\x64\debug\ipm.obj
c:\users\brian\desktop\chosuntruck\ets2_auto_driving\x64\debug\hwnd2mat.obj
c:\users\brian\desktop\chosuntruck\ets2_auto_driving\x64\debug\guassian_filter.obj
c:\users\brian\desktop\chosuntruck\x64\debug\ets2_auto_driving.exe
c:\users\brian\desktop\chosuntruck\x64\debug\ets2_auto_driving.pdb
c:\users\brian\desktop\chosuntruck\ets2_auto_driving\x64\debug\main.cpp.cache
c:\users\brian\desktop\chosuntruck\ets2_auto_driving\x64\debug\main.cpp.obj
c:\users\brian\desktop\chosuntruck\ets2_auto_driving\x64\debug\nativecodeanalysis.read.1.tlog
c:\users\brian\desktop\chosuntruck\ets2_auto_driving\x64\debug\vc.nativecodeanalysis.all.xml
c:\users\brian\desktop\chosuntruck\x64\debug\ets2_auto_driving.exe.lastcodeanalysissucceeded
c:\users\brian\desktop\chosuntruck\ets2_auto_driving\x64\debug\ets2_aut.d35c4fc0.tlog\cl.command.1.tlog
c:\users\brian\desktop\chosuntruck\ets2_auto_driving\x64\debug\ets2_aut.d35c4fc0.tlog\cl.read.1.tlog
c:\users\brian\desktop\chosuntruck\ets2_auto_driving\x64\debug\ets2_aut.d35c4fc0.tlog\cl.write.1.tlog
c:\users\brian\desktop\chosuntruck\ets2_auto_driving\x64\debug\ets2_aut.d35c4fc0.tlog\link.command.1.tlog
c:\users\brian\desktop\chosuntruck\ets2_auto_driving\x64\debug\ets2_aut.d35c4fc0.tlog\link.read.1.tlog
c:\users\brian\desktop\chosuntruck\ets2_auto_driving\x64\debug\ets2_aut.d35c4fc0.tlog\link.write.1.tlog
